C51 COMPILER V9.57.0.0   MAIN                                                              12/20/2021 22:54:57 PAGE 1   


C51 COMPILER V9.57.0.0, COMPILATION OF MODULE MAIN
OBJECT MODULE PLACED IN .\Objects\main.obj
COMPILER INVOKED BY: D:\Keil\C51\BIN\C51.EXE main.c OPTIMIZE(8,SPEED) BROWSE INCDIR(..\RFID) DEBUG OBJECTEXTEND PRINT(.\
                    -Listings\main.lst) TABS(2) OBJECT(.\Objects\main.obj)

line level    source

   1          #include <reg52.h>
   2          #include <rc522.h>
   3          #include <string.h>
   4          unsigned char id_type[2];
   5          unsigned char UID[4],i;
   6          
   7          unsigned char UI0[4]={0x23,0x45,0x67,0x31};    
   8          unsigned char UI1[4]={0x7B,0xBF,0x55,0x1B};
   9          
  10          sbit PWM = P3^1;//舵机
  11          unsigned char count = 0;
  12          unsigned char times1 ;
  13          
  14          void init0()
  15          {
  16   1        TMOD = 0x01;  // 方式一
  17   1        TH0 = 0XFF;
  18   1        TL0 = 0XA4;
  19   1        TR0 = 1;       // 开启定时器0
  20   1        EA = 1;      // 开启总中断
  21   1        ET0 = 1;       // 定时器0允许中断
  22   1      }
  23          
  24          
  25          void delay(unsigned char x)
  26          {
  27   1        int a,b;
  28   1        for(a=0;a<x;a++) 
  29   1          for(b=0;b<1828;b++);
  30   1        
  31   1      }
  32            
  33          //串口初始化
  34          void Init_uart()
  35          {
  36   1        TMOD=0x20;
  37   1        TH1=TL1=0XFD;
  38   1        SCON=0X50;
  39   1        TR1=1;
  40   1      }
  41          
  42          //发送数据
  43          void send_byte(dat)
  44          {
  45   1        SBUF=dat;
  46   1        while(!TI);
  47   1        TI=0;
  48   1            
  49   1      }
  50          
  51          //初始化RC522
  52          void Init_rc522()
  53          {
  54   1        PcdReset();
C51 COMPILER V9.57.0.0   MAIN                                                              12/20/2021 22:54:57 PAGE 2   

  55   1        M500PcdConfigISOType('A');
  56   1        PcdAntennaOn();
  57   1      }
  58          
  59          //读卡
  60          void READ_ID()
  61          {
  62   1        while(1)
  63   1      {
  64   2        if(PcdRequest(0X52,id_type)==MI_OK)
  65   2        {
  66   3          if(PcdAnticoll(UID)==MI_OK)
  67   3          {
  68   4            //if(strcmp(UID,UI0)==0||strcmp(UID,UI1)==0)
  69   4            //{
  70   4            for(i=0;i<4;i++)
  71   4            { 
  72   5              if(UID[i] != UI0[i] && UID[i] != UI1[i])
  73   5              {
  74   6                break;
  75   6              }
  76   5            }
  77   4            if(i == 4)
  78   4            {
  79   5              //send_byte(UID[0]);
  80   5              //send_byte(UID[1]);
  81   5              times1 = 5;
  82   5              count = 1;
  83   5              delay(15);
  84   5              times1 = 25;
  85   5              count = 0;
  86   5              delay(15);
  87   5              //send_byte(UID[i]);    
  88   5            //}
  89   5            //delay(100);
  90   5           } 
  91   4         }        
  92   3          }
  93   2        }
  94   1      }
  95          
  96          
  97          
  98          
  99          
 100          void main()
 101          {
 102   1        init0();//舵机
 103   1        Init_uart();
 104   1        Init_rc522();
 105   1        READ_ID();
 106   1      }
 107          
 108          void Time0_Init() interrupt 1
 109          {
 110   1        TR0 = 0;
 111   1        TH0 = 0xff;
 112   1        TL0 = 0xa4;
 113   1        
 114   1        if(count <= times1)
 115   1        {
 116   2          PWM = 1;
C51 COMPILER V9.57.0.0   MAIN                                                              12/20/2021 22:54:57 PAGE 3   

 117   2        }
 118   1        else
 119   1        {
 120   2          PWM =0;
 121   2        }
 122   1        count++;
 123   1        if(count >= 200)
 124   1        {
 125   2          count = 0;
 126   2        }
 127   1        TR0 = 1;    
 128   1      }
 129          
 130          


MODULE INFORMATION:   STATIC OVERLAYABLE
   CODE SIZE        =    232    ----
   CONSTANT SIZE    =   ----    ----
   XDATA SIZE       =   ----    ----
   PDATA SIZE       =   ----    ----
   DATA SIZE        =     17    ----
   IDATA SIZE       =   ----    ----
   BIT SIZE         =   ----    ----
END OF MODULE INFORMATION.


C51 COMPILATION COMPLETE.  0 WARNING(S),  0 ERROR(S)
