C51 COMPILER V9.57.0.0   MAIN                                                              12/23/2021 17:21:44 PAGE 1   


C51 COMPILER V9.57.0.0, COMPILATION OF MODULE MAIN
OBJECT MODULE PLACED IN .\Objects\main.obj
COMPILER INVOKED BY: D:\Keil\C51\BIN\C51.EXE main.c OPTIMIZE(8,SPEED) BROWSE DEBUG OBJECTEXTEND PRINT(.\Listings\main.ls
                    -t) TABS(2) OBJECT(.\Objects\main.obj)

line level    source

   1          #include<reg51.h>
   2          
   3          void delay(unsigned int x);
   4          
   5          void main()
   6          {
   7   1        unsigned char i,j;
   8   1        while(1)
   9   1        {
  10   2          i=0xff;
  11   2          P1=i;
  12   2          delay(100);
  13   2          for(j=0;j<8;j++)
  14   2          {
  15   3            i=i<<1;
  16   3            P1=i;
  17   3            delay(100);
  18   3          }
  19   2        }
  20   1      }
  21          void delay(unsigned int x)
  22          {
  23   1        unsigned int i,j;
  24   1        for(i=x;i>0;i--)
  25   1          for(j=115;j>0;j--);
  26   1      }
  27          
  28          


MODULE INFORMATION:   STATIC OVERLAYABLE
   CODE SIZE        =     72    ----
   CONSTANT SIZE    =   ----    ----
   XDATA SIZE       =   ----    ----
   PDATA SIZE       =   ----    ----
   DATA SIZE        =   ----       2
   IDATA SIZE       =   ----    ----
   BIT SIZE         =   ----    ----
END OF MODULE INFORMATION.


C51 COMPILATION COMPLETE.  0 WARNING(S),  0 ERROR(S)
