C51 COMPILER V9.57.0.0   MAIN                                                              11/07/2021 14:07:29 PAGE 1   


C51 COMPILER V9.57.0.0, COMPILATION OF MODULE MAIN
OBJECT MODULE PLACED IN .\Objects\main.obj
COMPILER INVOKED BY: D:\Keil\C51\BIN\C51.EXE main.c OPTIMIZE(8,SPEED) BROWSE DEBUG OBJECTEXTEND PRINT(.\Listings\main.ls
                    -t) TABS(2) OBJECT(.\Objects\main.obj)

line level    source

   1          #include<reg52.h>
   2          #include<intrins.h>
   3          sbit PWM = P3^7;
   4          unsigned char count = 0;
   5          unsigned char times1 ;
   6          
   7          
   8          void delay1s(void)
   9          {
  10   1        unsigned char a,b,c;
  11   1        for(c=167;c>0;c--)
  12   1          for(b=171;b>0;b--)
  13   1            for(a=16;a>0;a--);
  14   1        _nop_();
  15   1      }
  16          
  17          void times0_Init()
  18          {
  19   1        TMOD &= 0x00;
  20   1        TMOD |= 0x01;
  21   1        
  22   1        TH0 = 0xff;
  23   1        TL0 = 0xa4;
  24   1        
  25   1        ET0 = 1;
  26   1        TR0 = 1;
  27   1        EA=1;
  28   1      }
  29          
  30          void Time0_Init() interrupt 1
  31          {
  32   1        TR0 = 0;
  33   1        TH0 = 0xff;
  34   1        TL0 = 0xa4;
  35   1        
  36   1        if(count <= times1)
  37   1        {
  38   2          PWM = 1;
  39   2        }
  40   1        else
  41   1        {
  42   2          PWM =0;
  43   2        }
  44   1        count++;
  45   1        if(count >= 200)
  46   1        {
  47   2          count = 0;
  48   2        }
  49   1        TR0 = 1;    
  50   1      }
  51          
  52          void main()
  53          {
  54   1        Times0_Init();
C51 COMPILER V9.57.0.0   MAIN                                                              11/07/2021 14:07:29 PAGE 2   

*** WARNING C206 IN LINE 54 OF main.c: 'Times0_Init': missing function-prototype
  55   1        while(1)
  56   1        {
  57   2          times1 = 5;
  58   2          count = 1;
  59   2          delay1s();
  60   2          times1 = 15;
  61   2          count = 0;
  62   2          delay1s();
  63   2        }
  64   1      }


MODULE INFORMATION:   STATIC OVERLAYABLE
   CODE SIZE        =    100    ----
   CONSTANT SIZE    =   ----    ----
   XDATA SIZE       =   ----    ----
   PDATA SIZE       =   ----    ----
   DATA SIZE        =      2    ----
   IDATA SIZE       =   ----    ----
   BIT SIZE         =   ----    ----
END OF MODULE INFORMATION.


C51 COMPILATION COMPLETE.  1 WARNING(S),  0 ERROR(S)
